<email>
    <code>23_wk29</code>
    <name>SingleShot - e-mail - week 29</name>
    <objects>
        <object>
            <name>Intro</name>
            <language>NL-NL</language>
            <image>https://cdn.msdp1.com/public/Matchvertise/e4072626d79fe31169cd93e236885f68/4.jpg</image>
            <title>Laura's verhaal</title>
            <ctatext>Beheers jouw bloeddruk</ctatext>
            <textunder>Ik ben Laura en ik heb lange tijd geworsteld met een hoge bloeddruk...</textunder>
            <url>https://www.dokteronline.com/nl-nl/overige-diensten/hoge-bloeddruk/</url>
        </object>
        <object>
            <name>Intro</name>
            <language>DE-DE</language>
            <image>https://cdn.msdp1.com/public/Matchvertise/e4072626d79fe31169cd93e236885f68/4.jpg</image>
            <title>Lauras Geschichte</title>
            <ctatext>Kontrollieren Sie Ihren Blutdruck</ctatext>
            <textunder>Ich bin Laura und kämpfe schon seit langem mit Bluthochdruck...</textunder>
            <url>https://www.dokteronline.com/de-de/sonstige-dienste/bluthochdruck/</url>
        </object>
        <object>
            <name>Lijst1</name>
            <language>NL-NL</language>
            <image>https://cdn.msdp1.com/public/Matchvertise/45ffefe1c8f0360cdd514d6ae81bc6b0/3.jpg</image>
            <title>Hoge bloeddruk onder controle houden</title>
            <url>https://www.dokteronline.com/nl-nl/overige-diensten/hoge-bloeddruk/</url>
        </object>
        <object>
            <name>Lijst1</name>
            <language>DE-DE</language>
            <image>https://cdn.msdp1.com/public/Matchvertise/45ffefe1c8f0360cdd514d6ae81bc6b0/3.jpg</image>
            <title>Bluthochdruck unter Kontrolle halten</title>
            <url>https://www.dokteronline.com/de-de/sonstige-dienste/bluthochdruck/</url>
        </object>
        <object>
            <name>Lijst2</name>
            <language>NL-NL</language>
            <image>https://cdn.msdp1.com/public/Matchvertise/45ffefe1c8f0360cdd514d6ae81bc6b0/4.jpg</image>
            <title>Cholesterolgehalte verlagen</title>
            <url>https://www.dokteronline.com/nl-nl/overige-diensten/hoog-cholesterol/</url>
        </object>
        <object>
            <name>Lijst2</name>
            <language>DE-DE</language>
            <image>https://cdn.msdp1.com/public/Matchvertise/45ffefe1c8f0360cdd514d6ae81bc6b0/4.jpg</image>
            <title>Cholesterinspiegel senken</title>
            <url>https://www.dokteronline.com/de-de/sonstige-dienste/cholesterin/</url>
        </object>
        <object>
            <name>Lijst3</name>
            <language>NL-NL</language>
            <image>https://cdn.msdp1.com/public/Matchvertise/45ffefe1c8f0360cdd514d6ae81bc6b0/5.jpg</image>
            <title>Goede nachtrust bevorderen</title>
            <url>https://www.dokteronline.com/nl-nl/slapen/</url>
        </object>
        <object>
            <name>Lijst3</name>
            <language>DE-DE</language>
            <image>https://cdn.msdp1.com/public/Matchvertise/45ffefe1c8f0360cdd514d6ae81bc6b0/5.jpg</image>
            <title>Guten Schlaf fördern</title>
            <url>https://www.dokteronline.com/de-de/schlafen/</url>
        </object>
    </objects>
</email>
